<?xml version="1.0" encoding="UTF-8"?>
<!-- Generated by org.testng.reporters.JUnitReportReporter -->
<testsuite hostname="LAPTOP-F2P887AR" failures="0" tests="8" name="com.Project.TestNG_Project" time="20.989" errors="0" timestamp="2023-05-20T19:19:00 IST" skipped="0">
  <testcase classname="com.Project.TestNG_Project" name="drag_drop" time="1.772"/>
  <system-out/>
  <testcase classname="com.Project.TestNG_Project" name="checkBox_Radio" time="1.961"/>
  <system-out/>
  <testcase classname="com.Project.TestNG_Project" name="textBox" time="0.531"/>
  <system-out/>
  <testcase classname="com.Project.TestNG_Project" name="autoSuggesion" time="2.188"/>
  <system-out/>
  <testcase classname="com.Project.TestNG_Project" name="mouseAction" time="3.277"/>
  <system-out/>
  <testcase classname="com.Project.TestNG_Project" name="multi_Select" time="5.143"/>
  <system-out/>
  <testcase classname="com.Project.TestNG_Project" name="dropdown" time="1.514"/>
  <system-out/>
  <testcase classname="com.Project.TestNG_Project" name="keyboardActions" time="4.603"/>
  <system-out/>
</testsuite> <!-- com.Project.TestNG_Project -->
